<?xml version="1.0" encoding="UTF-8"?>
<!-- Generated by org.testng.reporters.JUnitReportReporter -->
<testsuite skipped="0" hostname="DESKTOP-RQ9AFM9" name="com.rest.api.NonBDD.GetCall_Test" tests="1" failures="0" timestamp="15 Oct 2020 11:47:20 GMT" time="3.181" errors="0">
  <testcase name="getUses_WithQueryParam_WithHashMap" time="3.181" classname="com.rest.api.NonBDD.GetCall_Test"/>
</testsuite> <!-- com.rest.api.NonBDD.GetCall_Test -->
