<?xml version="1.0" encoding="UTF-8"?>
<!-- Generated by org.testng.reporters.JUnitReportReporter -->
<testsuite skipped="0" hostname="DESKTOP-RQ9AFM9" name="com.rest.api.post.POST_BDD_GOREST" tests="1" failures="0" timestamp="14 Oct 2020 16:08:13 GMT" time="3.033" errors="0">
  <testcase name="post_PayloadWithFile" time="3.033" classname="com.rest.api.post.POST_BDD_GOREST"/>
</testsuite> <!-- com.rest.api.post.POST_BDD_GOREST -->
