<?xml version="1.0" encoding="UTF-8"?>
<!-- Generated by org.testng.reporters.JUnitReportReporter -->
<testsuite skipped="0" hostname="DESKTOP-RQ9AFM9" name="com.rest.api.post.POST_BDD" tests="1" failures="0" timestamp="13 Oct 2020 08:05:48 GMT" time="4.830" errors="0">
  <testcase name="post_PayloadWithFile" time="4.830" classname="com.rest.api.post.POST_BDD"/>
</testsuite> <!-- com.rest.api.post.POST_BDD -->
