<?xml version="1.0" encoding="UTF-8"?>
<!-- Generated by org.testng.reporters.JUnitReportReporter -->
<testsuite skipped="0" hostname="DESKTOP-RQ9AFM9" name="com.rest.api.Hamcrest.get_And" tests="1" failures="0" timestamp="10 Oct 2020 12:40:14 GMT" time="4.350" errors="0">
  <testcase name="get_hamcret_Numeric_Assertion" time="4.350" classname="com.rest.api.Hamcrest.get_And"/>
</testsuite> <!-- com.rest.api.Hamcrest.get_And -->
