<?xml version="1.0" encoding="UTF-8"?>
<!-- Generated by org.testng.reporters.JUnitReportReporter -->
<testsuite skipped="0" hostname="DESKTOP-RQ9AFM9" name="com.rest.api.delete.Delete_Test" tests="1" failures="0" timestamp="15 Oct 2020 08:27:24 GMT" time="4.150" errors="0">
  <testcase name="delete_User_Test" time="4.150" classname="com.rest.api.delete.Delete_Test"/>
</testsuite> <!-- com.rest.api.delete.Delete_Test -->
