<?xml version="1.0" encoding="UTF-8"?>
<!-- Generated by org.testng.reporters.JUnitReportReporter -->
<testsuite skipped="0" hostname="DESKTOP-RQ9AFM9" name="com.rest.api.XML.Get_AllUsers_XML" tests="1" failures="0" timestamp="15 Oct 2020 13:56:12 GMT" time="2.130" errors="0">
  <testcase name="getAllUser_Xml_Test" time="2.130" classname="com.rest.api.XML.Get_AllUsers_XML"/>
</testsuite> <!-- com.rest.api.XML.Get_AllUsers_XML -->
