<?xml version="1.0" encoding="UTF-8"?>
<!-- Generated by org.testng.reporters.JUnitReportReporter -->
<testsuite skipped="0" hostname="DESKTOP-RQ9AFM9" name="com.rest.api.authentications.OAuth2_API_Test" tests="1" failures="0" timestamp="09 Oct 2020 16:19:25 GMT" time="3.750" errors="0">
  <testcase name="get_OAuth_Token_Test" time="3.750" classname="com.rest.api.authentications.OAuth2_API_Test"/>
</testsuite> <!-- com.rest.api.authentications.OAuth2_API_Test -->
