<?xml version="1.0" encoding="UTF-8"?>
<!-- Generated by org.testng.reporters.JUnitReportReporter -->
<testsuite skipped="0" hostname="DESKTOP-RQ9AFM9" name="com.rest.api.authentications.BasicAuth" tests="1" failures="0" timestamp="08 Oct 2020 12:46:37 GMT" time="3.095" errors="0">
  <testcase name="basicAuth_API_Test" time="3.095" classname="com.rest.api.authentications.BasicAuth"/>
</testsuite> <!-- com.rest.api.authentications.BasicAuth -->
