<?xml version="1.0" encoding="UTF-8"?>
<!-- Generated by org.testng.reporters.JUnitReportReporter -->
<testsuite skipped="0" hostname="DESKTOP-RQ9AFM9" name="com.rest.api.put.PUT_Test" tests="1" failures="0" timestamp="14 Oct 2020 16:44:57 GMT" time="4.526" errors="0">
  <testcase name="updateUser_Put_Test" time="4.526" classname="com.rest.api.put.PUT_Test"/>
</testsuite> <!-- com.rest.api.put.PUT_Test -->
