<?xml version="1.0" encoding="UTF-8"?>
<!-- Generated by org.testng.reporters.JUnitReportReporter -->
<testsuite skipped="0" hostname="DESKTOP-RQ9AFM9" name="com.rest.api.Hamcrest.GET_Call" tests="1" failures="0" timestamp="10 Oct 2020 11:44:21 GMT" time="2.214" errors="0">
  <testcase name="get_AllUsers" time="2.214" classname="com.rest.api.Hamcrest.GET_Call"/>
</testsuite> <!-- com.rest.api.Hamcrest.GET_Call -->
